<?xml version="1.0" encoding="UTF-8"?>
<testsuite name="RomanNumeralsTest" tests="8" skipped="0" failures="0" errors="0" timestamp="2020-09-11T02:36:48" hostname="Ezequiels-MacBook-Pro-2.local" time="0.004">
  <properties/>
  <testcase name="Si es un numero conocido se imprime directamente" classname="RomanNumeralsTest" time="0.002"/>
  <testcase name="Los numeros que contienen un 5 no pueden usarse para restar" classname="RomanNumeralsTest" time="0.0"/>
  <testcase name="Numeros conocidos" classname="RomanNumeralsTest" time="0.0"/>
  <testcase name="Prueba de nuevos numeros" classname="RomanNumeralsTest" time="0.0"/>
  <testcase name="Un numero puede estar repetido hasta tres veces" classname="RomanNumeralsTest" time="0.0"/>
  <testcase name="Se pueden restar numeros poniendolos hacia la izquierda de otro numero" classname="RomanNumeralsTest" time="0.0"/>
  <testcase name="Las restas solo pueden hacerse entre unidades continuas" classname="RomanNumeralsTest" time="0.0"/>
  <testcase name="Puedo generar numeros desconocidos sumando numeros conocidos" classname="RomanNumeralsTest" time="0.0"/>
  <system-out><![CDATA[]]></system-out>
  <system-err><![CDATA[]]></system-err>
</testsuite>
