<?xml version="1.0" encoding="UTF-8"?>
<testsuite name="RomanNumeralsTest" tests="4" skipped="0" failures="0" errors="0" timestamp="2020-09-11T01:40:01" hostname="Ezequiels-MacBook-Pro-2.local" time="0.002">
  <properties/>
  <testcase name="Si es un numero conocido se imprime directamente" classname="RomanNumeralsTest" time="0.001"/>
  <testcase name="Numeros conocidos" classname="RomanNumeralsTest" time="0.0"/>
  <testcase name="Un numero puede estar repetido hasta tres veces" classname="RomanNumeralsTest" time="0.001"/>
  <testcase name="Puedo generar numeros desconocidos sumando numeros conocidos" classname="RomanNumeralsTest" time="0.0"/>
  <system-out><![CDATA[]]></system-out>
  <system-err><![CDATA[]]></system-err>
</testsuite>
