<?xml version="1.0" encoding="UTF-8"?>
<testsuite name="RomanNumeralsTest" tests="1" skipped="0" failures="0" errors="0" timestamp="2020-09-11T01:22:29" hostname="Ezequiels-MacBook-Pro-2.local" time="0.003">
  <properties/>
  <testcase name="numeros conocidos" classname="RomanNumeralsTest" time="0.003"/>
  <system-out><![CDATA[]]></system-out>
  <system-err><![CDATA[]]></system-err>
</testsuite>
